<?xml version="1.0" encoding="UTF-8"?>
<coverage generated="1771188392363" clover="3.2.0">
  <project timestamp="1771188392364" name="All files">
    <metrics statements="6" coveredstatements="6" conditionals="6" coveredconditionals="6" methods="3" coveredmethods="3" elements="15" coveredelements="15" complexity="0" loc="6" ncloc="6" packages="1" files="1" classes="1"/>
    <file name="logic.js" path="C:\Users\vivie\.vscode\galleri\scripts\logic.js">
      <metrics statements="6" coveredstatements="6" conditionals="6" coveredconditionals="6" methods="3" coveredmethods="3"/>
      <line num="8" count="2" type="stmt"/>
      <line num="10" count="2" type="stmt"/>
      <line num="11" count="4" type="cond" truecount="2" falsecount="0"/>
      <line num="13" count="4" type="cond" truecount="2" falsecount="0"/>
      <line num="14" count="3" type="stmt"/>
      <line num="17" count="4" type="cond" truecount="2" falsecount="0"/>
    </file>
  </project>
</coverage>
