{"C:\\Users\\vivie\\.vscode\\galleri\\scripts\\logic.js": {"path":"C:\\Users\\vivie\\.vscode\\galleri\\scripts\\logic.js","statementMap":{"0":{"start":{"line":8,"column":29},"end":{"line":8,"column":60}},"1":{"start":{"line":10,"column":4},"end":{"line":18,"column":7}},"2":{"start":{"line":11,"column":33},"end":{"line":11,"column":82}},"3":{"start":{"line":13,"column":28},"end":{"line":15,"column":9}},"4":{"start":{"line":14,"column":12},"end":{"line":14,"column":56}},"5":{"start":{"line":17,"column":8},"end":{"line":17,"column":45}}},"fnMap":{"0":{"name":"getFilteredImages","decl":{"start":{"line":7,"column":16},"end":{"line":7,"column":33}},"loc":{"start":{"line":7,"column":64},"end":{"line":19,"column":1}},"line":7},"1":{"name":"(anonymous_1)","decl":{"start":{"line":10,"column":25},"end":{"line":10,"column":26}},"loc":{"start":{"line":10,"column":34},"end":{"line":18,"column":5}},"line":10},"2":{"name":"(anonymous_2)","decl":{"start":{"line":13,"column":71},"end":{"line":13,"column":72}},"loc":{"start":{"line":14,"column":12},"end":{"line":14,"column":56}},"line":14}},"branchMap":{"0":{"loc":{"start":{"line":11,"column":33},"end":{"line":11,"column":82}},"type":"binary-expr","locations":[{"start":{"line":11,"column":33},"end":{"line":11,"column":51}},{"start":{"line":11,"column":55},"end":{"line":11,"column":82}}],"line":11},"1":{"loc":{"start":{"line":13,"column":28},"end":{"line":15,"column":9}},"type":"binary-expr","locations":[{"start":{"line":13,"column":28},"end":{"line":13,"column":51}},{"start":{"line":13,"column":55},"end":{"line":15,"column":9}}],"line":13},"2":{"loc":{"start":{"line":17,"column":15},"end":{"line":17,"column":44}},"type":"binary-expr","locations":[{"start":{"line":17,"column":15},"end":{"line":17,"column":30}},{"start":{"line":17,"column":34},"end":{"line":17,"column":44}}],"line":17}},"s":{"0":2,"1":2,"2":4,"3":4,"4":3,"5":4},"f":{"0":2,"1":4,"2":3},"b":{"0":[4,2],"1":[4,2],"2":[4,3]},"_coverageSchema":"1a1c01bbd47fc00a2c39e90264f33305004495a9","hash":"af3a8242181360505c5281ace4e5119b6b966168"}
}
